0 info it worked if it ends with ok
1 verbose cli [ 'C:\\node\\node.exe',
1 verbose cli   'C:\\node\\node_modules\\npm\\bin\\npm-cli.js',
1 verbose cli   'start' ]
2 info using npm@3.10.10
3 info using node@v6.10.3
4 verbose run-script [ 'prestart', 'start', 'poststart' ]
5 info lifecycle angular-tour-of-heroes@1.0.0~prestart: angular-tour-of-heroes@1.0.0
6 silly lifecycle angular-tour-of-heroes@1.0.0~prestart: no script for prestart, continuing
7 info lifecycle angular-tour-of-heroes@1.0.0~start: angular-tour-of-heroes@1.0.0
8 verbose lifecycle angular-tour-of-heroes@1.0.0~start: unsafe-perm in lifecycle true
9 verbose lifecycle angular-tour-of-heroes@1.0.0~start: PATH: C:\node\node_modules\npm\bin\node-gyp-bin;D:\work\angular-tour-of-heroes\node_modules\.bin;C:\ProgramData\Oracle\Java\javapath;C:\Windows\system32;C:\Windows;C:\Windows\System32\Wbem;C:\Windows\System32\WindowsPowerShell\v1.0\;D:\Program Files\Perforce;D:\app\apache-maven-3.5.0\bin;C:\Program Files\Java\jdk1.8.0_77\bin;C:\Program Files\Java\jdk1.8.0_77\jre\bin;C:\Program Files (x86)\Symantec\VIP Access Client\;D:\node\node_global;D:\node;C:\Users\blakec\Desktop\sonar\sonar-scanner-2.8\bin;C:\Program Files\TortoiseSVN\bin;C:\Windows\System32\WindowsPowerShell\v1.0\;C:\node\;C:\Program Files (x86)\Google\Chrome\Application;C:\ProgramData\Oracle\Java\javapath;C:\Windows\system32;C:\Windows;C:\Windows\System32\Wbem;C:\Windows\System32\WindowsPowerShell\v1.0\;D:\Program Files\Perforce;D:\app\apache-maven-3.3.9\bin;C:\Program Files\Java\jdk1.8.0_77\bin;C:\Program Files\Java\jdk1.8.0_77\jre\bin;C:\Program Files (x86)\Symantec\VIP Access Client\;D:\app\Git\cmd;C:\Users\blakec\.babun;C:\Users\blakec\AppData\Roaming\npm
10 verbose lifecycle angular-tour-of-heroes@1.0.0~start: CWD: D:\work\angular-tour-of-heroes
11 silly lifecycle angular-tour-of-heroes@1.0.0~start: Args: [ '/d /s /c', 'ng serve' ]
12 silly lifecycle angular-tour-of-heroes@1.0.0~start: Returned: code: 3221225786  signal: null
13 info lifecycle angular-tour-of-heroes@1.0.0~start: Failed to exec start script
14 verbose stack Error: angular-tour-of-heroes@1.0.0 start: `ng serve`
14 verbose stack Exit status 3221225786
14 verbose stack     at EventEmitter.<anonymous> (C:\node\node_modules\npm\lib\utils\lifecycle.js:255:16)
14 verbose stack     at emitTwo (events.js:106:13)
14 verbose stack     at EventEmitter.emit (events.js:191:7)
14 verbose stack     at ChildProcess.<anonymous> (C:\node\node_modules\npm\lib\utils\spawn.js:40:14)
14 verbose stack     at emitTwo (events.js:106:13)
14 verbose stack     at ChildProcess.emit (events.js:191:7)
14 verbose stack     at maybeClose (internal/child_process.js:886:16)
14 verbose stack     at Process.ChildProcess._handle.onexit (internal/child_process.js:226:5)
15 verbose pkgid angular-tour-of-heroes@1.0.0
16 verbose cwd D:\work\angular-tour-of-heroes
17 error Windows_NT 6.1.7601
18 error argv "C:\\node\\node.exe" "C:\\node\\node_modules\\npm\\bin\\npm-cli.js" "start"
19 error node v6.10.3
20 error npm  v3.10.10
21 error code ELIFECYCLE
22 error angular-tour-of-heroes@1.0.0 start: `ng serve`
22 error Exit status 3221225786
23 error Failed at the angular-tour-of-heroes@1.0.0 start script 'ng serve'.
23 error Make sure you have the latest version of node.js and npm installed.
23 error If you do, this is most likely a problem with the angular-tour-of-heroes package,
23 error not with npm itself.
23 error Tell the author that this fails on your system:
23 error     ng serve
23 error You can get information on how to open an issue for this project with:
23 error     npm bugs angular-tour-of-heroes
23 error Or if that isn't available, you can get their info via:
23 error     npm owner ls angular-tour-of-heroes
23 error There is likely additional logging output above.
24 verbose exit [ 1, true ]
